GAS LISTING dxmci.s 			page 1


   1              		.file	"dxmci.cpp"
   2              	gcc2_compiled.:
   3              	___gnu_compiled_cplusplus:
   4              	.globl _performance
   5              	.data
   6              		.align 4
   7              	_performance:
   8 0000 00000000 		.long 0
   9              	.globl _segment
  10              		.align 4
  11              	_segment:
  12 0004 00000000 		.long 0
  13              	.globl _loader
  14              		.align 4
  15              	_loader:
  16 0008 00000000 		.long 0
  17              	.globl _dmusic
  18              		.align 4
  19              	_dmusic:
  20 000c 00000000 		.long 0
  21              	.globl _port
  22              		.align 4
  23              	_port:
  24 0010 00000000 		.long 0
  25              	.globl _COMInitialized
  26              		.align 4
  27              	_COMInitialized:
  28 0014 00000000 		.long 0
  29              	.globl _dxmcierror
  30              		.align 4
  31              	_dxmcierror:
  32 0018 00000000 		.long 0
  33              	.text
  34              		.align 32
  35              	LC0:
  36 0000 64786D63 		.ascii "dxmci: Failed to create the performance object\0"
  36      693A2046 
  36      61696C65 
  36      6420746F 
  36      20637265 
  37 002f 90909090 		.align 32
  37      90909090 
  37      90909090 
  37      90909090 
  37      90
  38              	LC1:
  39 0040 64786D63 		.ascii "dxmci: Failed to initialize performance object\0"
  39      693A2046 
  39      61696C65 
  39      6420746F 
  39      20696E69 
  40              	LC2:
  41 006f 64786D63 		.ascii "dxmci: Failed to create port\0"
  41      693A2046 
  41      61696C65 
  41      6420746F 
  41      20637265 
GAS LISTING dxmci.s 			page 2


  42 008c 90909090 		.align 32
  42      90909090 
  42      90909090 
  42      90909090 
  42      90909090 
  43              	LC3:
  44 00a0 64786D63 		.ascii "dxmci: Failed to activate port\0"
  44      693A2046 
  44      61696C65 
  44      6420746F 
  44      20616374 
  45              	LC4:
  46 00bf 64786D63 		.ascii "dxmci: Failed to add port\0"
  46      693A2046 
  46      61696C65 
  46      6420746F 
  46      20616464 
  47 00d9 8DB42600 		.align 32
  47      000000
  48              	LC5:
  49 00e0 64786D63 		.ascii "dxmci: Failed to get port capabilities\0"
  49      693A2046 
  49      61696C65 
  49      6420746F 
  49      20676574 
  50 0107 90909090 		.align 32
  50      90909090 
  50      90909090 
  50      90909090 
  50      90909090 
  51              	LC6:
  52 0120 64786D63 		.ascii "dxmci: Failed to assign PChannel block\0"
  52      693A2046 
  52      61696C65 
  52      6420746F 
  52      20617373 
  53 0147 90909090 		.align 32
  53      90909090 
  53      90909090 
  53      90909090 
  53      90909090 
  54              	LC7:
  55 0160 64786D63 		.ascii "dxmci: Failed to create loader object\0"
  55      693A2046 
  55      61696C65 
  55      6420746F 
  55      20637265 
  56 0186 89F6     		.align 4
  57              	.globl _InitDirectMusic__Fv
  58              		.def	_InitDirectMusic__Fv;	.scl	2;	.type	32;	.endef
  59              	_InitDirectMusic__Fv:
  60 0188 55       		pushl %ebp
  61 0189 89E5     		movl %esp,%ebp
  62 018b 83EC20   		subl $32,%esp
  63 018e 56       		pushl %esi
  64 018f 53       		pushl %ebx
  65 0190 833D0000 		cmpl $0,_performance
GAS LISTING dxmci.s 			page 3


  65      000000
  66 0197 0F854202 		jne L58
  66      0000
  67 019d 833D1400 		cmpl $0,_COMInitialized
  67      000000
  68 01a4 7517     		jne L41
  69 01a6 83C4F4   		addl $-12,%esp
  70 01a9 6A00     		pushl $0
  71 01ab E8000000 		call _CoInitialize@4
  71      00
  72 01b0 C7051400 		movl $1,_COMInitialized
  72      00000100 
  72      0000
  73 01ba 83C40C   		addl $12,%esp
  74              	L41:
  75 01bd 83C4F4   		addl $-12,%esp
  76 01c0 68000000 		pushl $_performance
  76      00
  77 01c5 68000000 		pushl $_IID_IDirectMusicPerformance
  77      00
  78 01ca 6A03     		pushl $3
  79 01cc 6A00     		pushl $0
  80 01ce 68000000 		pushl $_CLSID_DirectMusicPerformance
  80      00
  81 01d3 E8000000 		call _CoCreateInstance@20
  81      00
  82 01d8 83C40C   		addl $12,%esp
  83 01db 85C0     		testl %eax,%eax
  84 01dd 7D11     		jge L42
  85 01df C7051800 		movl $LC0,_dxmcierror
  85      00000000 
  85      0000
  86 01e9 E9000200 		jmp L59
  86      00
  87 01ee 89F6     		.align 4
  88              	L42:
  89 01f0 A1000000 		movl _performance,%eax
  89      00
  90 01f5 8B10     		movl (%eax),%edx
  91 01f7 6A00     		pushl $0
  92 01f9 6A00     		pushl $0
  93 01fb 680C0000 		pushl $_dmusic
  93      00
  94 0200 50       		pushl %eax
  95 0201 8B420C   		movl 12(%edx),%eax
  96 0204 FFD0     		call *%eax
  97 0206 85C0     		testl %eax,%eax
  98 0208 7D36     		jge L43
  99 020a C7051800 		movl $LC1,_dxmcierror
  99      00004000 
  99      0000
 100 0214 E9D50100 		jmp L59
 100      00
 101 0219 8D7600   		.align 4
 102              	L57:
 103 021c A1480000 		movl _portcaps+8,%eax
 103      00
GAS LISTING dxmci.s 			page 4


 104 0221 BA480000 		movl $_portcaps+8,%edx
 104      00
 105 0226 8945F0   		movl %eax,-16(%ebp)
 106 0229 8B4204   		movl 4(%edx),%eax
 107 022c 8945F4   		movl %eax,-12(%ebp)
 108 022f 8B4208   		movl 8(%edx),%eax
 109 0232 8945F8   		movl %eax,-8(%ebp)
 110 0235 8B420C   		movl 12(%edx),%eax
 111 0238 8945FC   		movl %eax,-4(%ebp)
 112 023b EB6F     		jmp L45
 113 023d 8D7600   		.align 4
 114              	L43:
 115 0240 83C4FC   		addl $-4,%esp
 116 0243 8D75F0   		leal -16(%ebp),%esi
 117 0246 68340100 		pushl $308
 117      00
 118 024b 31DB     		xorl %ebx,%ebx
 119 024d 6A00     		pushl $0
 120 024f 68400000 		pushl $_portcaps
 120      00
 121 0254 E8000000 		call _memset
 121      00
 122 0259 A10C0000 		movl _dmusic,%eax
 122      00
 123 025e C7054000 		movl $308,_portcaps
 123      00003401 
 123      0000
 124 0268 83C4F8   		addl $-8,%esp
 125 026b 8B10     		movl (%eax),%edx
 126 026d 56       		pushl %esi
 127 026e 50       		pushl %eax
 128 026f 8B4228   		movl 40(%edx),%eax
 129 0272 FFD0     		call *%eax
 130 0274 83C418   		addl $24,%esp
 131 0277 EB16     		jmp L44
 132 0279 8D7600   		.align 4
 133              	L47:
 134 027c 833D5800 		cmpl $1,_portcaps+24
 134      000001
 135 0283 7509     		jne L46
 136 0285 833D5C00 		cmpl $0,_portcaps+28
 136      000000
 137 028c 748E     		je L57
 138              	L46:
 139 028e 43       		incl %ebx
 140              	L44:
 141 028f A10C0000 		movl _dmusic,%eax
 141      00
 142 0294 83C4FC   		addl $-4,%esp
 143 0297 8B10     		movl (%eax),%edx
 144 0299 68400000 		pushl $_portcaps
 144      00
 145 029e 53       		pushl %ebx
 146 029f 50       		pushl %eax
 147 02a0 8B420C   		movl 12(%edx),%eax
 148 02a3 FFD0     		call *%eax
 149 02a5 83C404   		addl $4,%esp
GAS LISTING dxmci.s 			page 5


 150 02a8 85C0     		testl %eax,%eax
 151 02aa 74D0     		je L47
 152              	L45:
 153 02ac 83C4FC   		addl $-4,%esp
 154 02af 6A24     		pushl $36
 155 02b1 6A00     		pushl $0
 156 02b3 68000000 		pushl $_portparams
 156      00
 157 02b8 E8000000 		call _memset
 157      00
 158 02bd A10C0000 		movl _dmusic,%eax
 158      00
 159 02c2 C7050000 		movl $36,_portparams
 159      00002400 
 159      0000
 160 02cc C7050400 		movl $2,_portparams+4
 160      00000200 
 160      0000
 161 02d6 C7050C00 		movl $1,_portparams+12
 161      00000100 
 161      0000
 162 02e0 C7051000 		movl $0,_port
 162      00000000 
 162      0000
 163 02ea 8B10     		movl (%eax),%edx
 164 02ec 83C4F4   		addl $-12,%esp
 165 02ef 6A00     		pushl $0
 166 02f1 68100000 		pushl $_port
 166      00
 167 02f6 68000000 		pushl $_portparams
 167      00
 168 02fb 56       		pushl %esi
 169 02fc 50       		pushl %eax
 170 02fd 8B4214   		movl 20(%edx),%eax
 171 0300 FFD0     		call *%eax
 172 0302 83C41C   		addl $28,%esp
 173 0305 85C0     		testl %eax,%eax
 174 0307 7D0F     		jge L50
 175 0309 C7051800 		movl $LC2,_dxmcierror
 175      00006F00 
 175      0000
 176 0313 E9D60000 		jmp L59
 176      00
 177              		.align 4
 178              	L50:
 179 0318 A1100000 		movl _port,%eax
 179      00
 180 031d 83C4F8   		addl $-8,%esp
 181 0320 8B10     		movl (%eax),%edx
 182 0322 6A01     		pushl $1
 183 0324 50       		pushl %eax
 184 0325 8B423C   		movl 60(%edx),%eax
 185 0328 FFD0     		call *%eax
 186 032a 83C408   		addl $8,%esp
 187 032d 85C0     		testl %eax,%eax
 188 032f 7D0F     		jge L51
 189 0331 C7051800 		movl $LC3,_dxmcierror
GAS LISTING dxmci.s 			page 6


 189      0000A000 
 189      0000
 190 033b E9AE0000 		jmp L59
 190      00
 191              		.align 4
 192              	L51:
 193 0340 8B150000 		movl _performance,%edx
 193      0000
 194 0346 A1100000 		movl _port,%eax
 194      00
 195 034b 83C4F8   		addl $-8,%esp
 196 034e 8B0A     		movl (%edx),%ecx
 197 0350 50       		pushl %eax
 198 0351 52       		pushl %edx
 199 0352 8B4160   		movl 96(%ecx),%eax
 200 0355 FFD0     		call *%eax
 201 0357 83C408   		addl $8,%esp
 202 035a 85C0     		testl %eax,%eax
 203 035c 7D12     		jge L52
 204 035e C7051800 		movl $LC4,_dxmcierror
 204      0000BF00 
 204      0000
 205 0368 E9810000 		jmp L59
 205      00
 206 036d 8D7600   		.align 4
 207              	L52:
 208 0370 A1100000 		movl _port,%eax
 208      00
 209 0375 83C4F8   		addl $-8,%esp
 210 0378 8B10     		movl (%eax),%edx
 211 037a 68400000 		pushl $_portcaps
 211      00
 212 037f 50       		pushl %eax
 213 0380 8B422C   		movl 44(%edx),%eax
 214 0383 FFD0     		call *%eax
 215 0385 83C408   		addl $8,%esp
 216 0388 85C0     		testl %eax,%eax
 217 038a 7D0C     		jge L53
 218 038c C7051800 		movl $LC5,_dxmcierror
 218      0000E000 
 218      0000
 219 0396 EB56     		jmp L59
 220              		.align 4
 221              	L53:
 222 0398 8B150000 		movl _performance,%edx
 222      0000
 223 039e 8B0A     		movl (%edx),%ecx
 224 03a0 6A01     		pushl $1
 225 03a2 A1100000 		movl _port,%eax
 225      00
 226 03a7 50       		pushl %eax
 227 03a8 6A00     		pushl $0
 228 03aa 52       		pushl %edx
 229 03ab 8B4168   		movl 104(%ecx),%eax
 230 03ae FFD0     		call *%eax
 231 03b0 85C0     		testl %eax,%eax
 232 03b2 7D0C     		jge L54
GAS LISTING dxmci.s 			page 7


 233 03b4 C7051800 		movl $LC6,_dxmcierror
 233      00002001 
 233      0000
 234 03be EB2E     		jmp L59
 235              		.align 4
 236              	L54:
 237 03c0 83C4F4   		addl $-12,%esp
 238 03c3 68080000 		pushl $_loader
 238      00
 239 03c8 68000000 		pushl $_IID_IDirectMusicLoader
 239      00
 240 03cd 6A03     		pushl $3
 241 03cf 6A00     		pushl $0
 242 03d1 68000000 		pushl $_CLSID_DirectMusicLoader
 242      00
 243 03d6 E8000000 		call _CoCreateInstance@20
 243      00
 244 03db 85C0     		testl %eax,%eax
 245 03dd 7C05     		jl L55
 246              	L58:
 247 03df B001     		movb $1,%al
 248 03e1 EB0D     		jmp L56
 249 03e3 90       		.align 4
 250              	L55:
 251 03e4 C7051800 		movl $LC7,_dxmcierror
 251      00006001 
 251      0000
 252              	L59:
 253 03ee B000     		movb $0,%al
 254              	L56:
 255 03f0 8D65D8   		leal -40(%ebp),%esp
 256 03f3 5B       		popl %ebx
 257 03f4 5E       		popl %esi
 258 03f5 89EC     		movl %ebp,%esp
 259 03f7 5D       		popl %ebp
 260 03f8 C3       		ret
 261 03f9 8D7600   		.align 4
 262              	.globl _ReleaseSegment__Fv
 263              		.def	_ReleaseSegment__Fv;	.scl	2;	.type	32;	.endef
 264              	_ReleaseSegment__Fv:
 265 03fc 55       		pushl %ebp
 266 03fd 89E5     		movl %esp,%ebp
 267 03ff 8B150400 		movl _segment,%edx
 267      0000
 268 0405 83EC08   		subl $8,%esp
 269 0408 85D2     		testl %edx,%edx
 270 040a 7415     		je L61
 271 040c 8B02     		movl (%edx),%eax
 272 040e 83C4F4   		addl $-12,%esp
 273 0411 52       		pushl %edx
 274 0412 8B4008   		movl 8(%eax),%eax
 275 0415 FFD0     		call *%eax
 276 0417 C7050400 		movl $0,_segment
 276      00000000 
 276      0000
 277              	L61:
 278 0421 89EC     		movl %ebp,%esp
GAS LISTING dxmci.s 			page 8


 279 0423 5D       		popl %ebp
 280 0424 C3       		ret
 281 0425 8D7600   		.align 4
 282              	.globl _ShutdownDirectMusic__Fv
 283              		.def	_ShutdownDirectMusic__Fv;	.scl	2;	.type	32;	.endef
 284              	_ShutdownDirectMusic__Fv:
 285 0428 55       		pushl %ebp
 286 0429 89E5     		movl %esp,%ebp
 287 042b 8B150800 		movl _loader,%edx
 287      0000
 288 0431 83EC08   		subl $8,%esp
 289 0434 85D2     		testl %edx,%edx
 290 0436 7418     		je L63
 291 0438 8B02     		movl (%edx),%eax
 292 043a 83C4F4   		addl $-12,%esp
 293 043d 52       		pushl %edx
 294 043e 8B4008   		movl 8(%eax),%eax
 295 0441 FFD0     		call *%eax
 296 0443 C7050800 		movl $0,_loader
 296      00000000 
 296      0000
 297 044d 83C40C   		addl $12,%esp
 298              	L63:
 299 0450 8B150000 		movl _performance,%edx
 299      0000
 300 0456 85D2     		testl %edx,%edx
 301 0458 7428     		je L64
 302 045a 8B02     		movl (%edx),%eax
 303 045c 83C4F4   		addl $-12,%esp
 304 045f 52       		pushl %edx
 305 0460 8B809800 		movl 152(%eax),%eax
 305      0000
 306 0466 FFD0     		call *%eax
 307 0468 A1000000 		movl _performance,%eax
 307      00
 308 046d 8B10     		movl (%eax),%edx
 309 046f 50       		pushl %eax
 310 0470 8B4208   		movl 8(%edx),%eax
 311 0473 FFD0     		call *%eax
 312 0475 C7050000 		movl $0,_performance
 312      00000000 
 312      0000
 313 047f 83C40C   		addl $12,%esp
 314              	L64:
 315 0482 833D1400 		cmpl $0,_COMInitialized
 315      000000
 316 0489 740F     		je L65
 317 048b E8000000 		call _CoUninitialize@0
 317      00
 318 0490 C7051400 		movl $0,_COMInitialized
 318      00000000 
 318      0000
 319              	L65:
 320 049a 89EC     		movl %ebp,%esp
 321 049c 5D       		popl %ebp
 322 049d C3       		ret
 323 049e 89F6     		.align 32
GAS LISTING dxmci.s 			page 9


 324              	LC8:
 325 04a0 64786D63 		.ascii "dxmci: LoadMIDI: SetSearchDirectory failed\0"
 325      693A204C 
 325      6F61644D 
 325      4944493A 
 325      20536574 
 326 04cb 90909090 		.align 32
 326      90909090 
 326      90909090 
 326      90909090 
 326      90909090 
 327              	LC9:
 328 04e0 64786D63 		.ascii "dxmci: LoadMIDI: Get object failed\0"
 328      693A204C 
 328      6F61644D 
 328      4944493A 
 328      20476574 
 329 0503 90909090 		.align 32
 329      90909090 
 329      90909090 
 329      90909090 
 329      90909090 
 330              	LC10:
 331 0520 64786D63 		.ascii "dxmci: LoadMIDI: SetParam (MIDI file) failed\0"
 331      693A204C 
 331      6F61644D 
 331      4944493A 
 331      20536574 
 332 054d 90909090 		.align 32
 332      90909090 
 332      90909090 
 332      90909090 
 332      909090
 333              	LC11:
 334 0560 64786D63 		.ascii "dxmci: LoadMIDI: Failed to download instruments\0"
 334      693A204C 
 334      6F61644D 
 334      4944493A 
 334      20466169 
 335              		.align 4
 336              	.globl _LoadMIDI__FPcT0
 337              		.def	_LoadMIDI__FPcT0;	.scl	2;	.type	32;	.endef
 338              	_LoadMIDI__FPcT0:
 339 0590 55       		pushl %ebp
 340 0591 89E5     		movl %esp,%ebp
 341 0593 81EC8007 		subl $1920,%esp
 341      0000
 342 0599 56       		pushl %esi
 343 059a 53       		pushl %ebx
 344 059b 833D0000 		cmpl $0,_performance
 344      000000
 345 05a2 0F848601 		je L75
 345      0000
 346 05a8 833D1800 		cmpl $0,_dxmcierror
 346      000000
 347 05af 0F857901 		jne L75
 347      0000
GAS LISTING dxmci.s 			page 10


 348 05b5 83C4F8   		addl $-8,%esp
 349 05b8 8D9DA0FA 		leal -1376(%ebp),%ebx
 349      FFFF
 350 05be 68040100 		pushl $260
 350      00
 351 05c3 53       		pushl %ebx
 352 05c4 6AFF     		pushl $-1
 353 05c6 8B4508   		movl 8(%ebp),%eax
 354 05c9 50       		pushl %eax
 355 05ca 6A01     		pushl $1
 356 05cc 6A00     		pushl $0
 357 05ce E8000000 		call _MultiByteToWideChar@24
 357      00
 358 05d3 A1080000 		movl _loader,%eax
 358      00
 359 05d8 83C4F8   		addl $-8,%esp
 360 05db 8B10     		movl (%eax),%edx
 361 05dd 6A00     		pushl $0
 362 05df 53       		pushl %ebx
 363 05e0 68000000 		pushl $_GUID_DirectMusicAllTypes
 363      00
 364 05e5 50       		pushl %eax
 365 05e6 8B4214   		movl 20(%edx),%eax
 366 05e9 FFD0     		call *%eax
 367 05eb 83C410   		addl $16,%esp
 368 05ee 85C0     		testl %eax,%eax
 369 05f0 7D12     		jge L69
 370 05f2 C7051800 		movl $LC8,_dxmcierror
 370      0000A004 
 370      0000
 371 05fc E92D0100 		jmp L75
 371      00
 372 0601 8D7600   		.align 4
 373              	L69:
 374 0604 83C4FC   		addl $-4,%esp
 375 0607 8DB5B0FC 		leal -848(%ebp),%esi
 375      FFFF
 376 060d 68500300 		pushl $848
 376      00
 377 0612 8D9D90F8 		leal -1904(%ebp),%ebx
 377      FFFF
 378 0618 6A00     		pushl $0
 379 061a 56       		pushl %esi
 380 061b E8000000 		call _memset
 380      00
 381 0620 C785B0FC 		movl $848,-848(%ebp)
 381      FFFF5003 
 381      0000
 382 062a 83C4F8   		addl $-8,%esp
 383 062d 68040100 		pushl $260
 383      00
 384 0632 53       		pushl %ebx
 385 0633 6AFF     		pushl $-1
 386 0635 8B450C   		movl 12(%ebp),%eax
 387 0638 50       		pushl %eax
 388 0639 6A01     		pushl $1
 389 063b 6A00     		pushl $0
GAS LISTING dxmci.s 			page 11


 390 063d E8000000 		call _MultiByteToWideChar@24
 390      00
 391 0642 A1000000 		movl _CLSID_DirectMusicSegment,%eax
 391      00
 392 0647 BA000000 		movl $_CLSID_DirectMusicSegment,%edx
 392      00
 393 064c 8985C8FC 		movl %eax,-824(%ebp)
 393      FFFF
 394 0652 8B4204   		movl 4(%edx),%eax
 395 0655 8985CCFC 		movl %eax,-820(%ebp)
 395      FFFF
 396 065b 8B4208   		movl 8(%edx),%eax
 397 065e 8985D0FC 		movl %eax,-816(%ebp)
 397      FFFF
 398 0664 8B420C   		movl 12(%edx),%eax
 399 0667 8985D4FC 		movl %eax,-812(%ebp)
 399      FFFF
 400 066d 53       		pushl %ebx
 401 066e 8D85E8FD 		leal -536(%ebp),%eax
 401      FFFF
 402 0674 50       		pushl %eax
 403 0675 E8000000 		call _wcscpy
 403      00
 404 067a C785B4FC 		movl $18,-844(%ebp)
 404      FFFF1200 
 404      0000
 405 0684 83C420   		addl $32,%esp
 406 0687 833D0400 		cmpl $0,_segment
 406      000000
 407 068e 7405     		je L70
 408 0690 E867FDFF 		call _ReleaseSegment__Fv
 408      FF
 409              	L70:
 410 0695 A1080000 		movl _loader,%eax
 410      00
 411 069a 8B10     		movl (%eax),%edx
 412 069c 68040000 		pushl $_segment
 412      00
 413 06a1 68000000 		pushl $_IID_IDirectMusicSegment
 413      00
 414 06a6 56       		pushl %esi
 415 06a7 50       		pushl %eax
 416 06a8 8B420C   		movl 12(%edx),%eax
 417 06ab FFD0     		call *%eax
 418 06ad 85C0     		testl %eax,%eax
 419 06af 7D0F     		jge L71
 420 06b1 C7051800 		movl $LC9,_dxmcierror
 420      0000E004 
 420      0000
 421 06bb EB71     		jmp L75
 422 06bd 8D7600   		.align 4
 423              	L71:
 424 06c0 8B150400 		movl _segment,%edx
 424      0000
 425 06c6 A1000000 		movl _performance,%eax
 425      00
 426 06cb 83C4F8   		addl $-8,%esp
GAS LISTING dxmci.s 			page 12


 427 06ce 8B0A     		movl (%edx),%ecx
 428 06d0 50       		pushl %eax
 429 06d1 6A00     		pushl $0
 430 06d3 6A00     		pushl $0
 431 06d5 6AFF     		pushl $-1
 432 06d7 68000000 		pushl $_GUID_StandardMIDIFile
 432      00
 433 06dc 52       		pushl %edx
 434 06dd 8B414C   		movl 76(%ecx),%eax
 435 06e0 FFD0     		call *%eax
 436 06e2 83C408   		addl $8,%esp
 437 06e5 85C0     		testl %eax,%eax
 438 06e7 7D0F     		jge L72
 439 06e9 C7051800 		movl $LC10,_dxmcierror
 439      00002005 
 439      0000
 440 06f3 EB39     		jmp L75
 441 06f5 8D7600   		.align 4
 442              	L72:
 443 06f8 8B150400 		movl _segment,%edx
 443      0000
 444 06fe A1000000 		movl _performance,%eax
 444      00
 445 0703 83C4F8   		addl $-8,%esp
 446 0706 8B0A     		movl (%edx),%ecx
 447 0708 50       		pushl %eax
 448 0709 6A00     		pushl $0
 449 070b 6A00     		pushl $0
 450 070d 6AFF     		pushl $-1
 451 070f 68000000 		pushl $_GUID_Download
 451      00
 452 0714 52       		pushl %edx
 453 0715 8B414C   		movl 76(%ecx),%eax
 454 0718 FFD0     		call *%eax
 455 071a 85C0     		testl %eax,%eax
 456 071c 7C06     		jl L73
 457 071e B001     		movb $1,%al
 458 0720 EB0E     		jmp L74
 459 0722 89F6     		.align 4
 460              	L73:
 461 0724 C7051800 		movl $LC11,_dxmcierror
 461      00006005 
 461      0000
 462              	L75:
 463 072e B000     		movb $0,%al
 464              	L74:
 465 0730 8DA578F8 		leal -1928(%ebp),%esp
 465      FFFF
 466 0736 5B       		popl %ebx
 467 0737 5E       		popl %esi
 468 0738 89EC     		movl %ebp,%esp
 469 073a 5D       		popl %ebp
 470 073b C3       		ret
 471              	LC12:
 472 073c 64786D63 		.ascii "dxmci: PlaySegment failed\0"
 472      693A2050 
 472      6C617953 
GAS LISTING dxmci.s 			page 13


 472      65676D65 
 472      6E742066 
 473 0756 89F6     		.align 4
 474              	.globl _PlaySegment__Fv
 475              		.def	_PlaySegment__Fv;	.scl	2;	.type	32;	.endef
 476              	_PlaySegment__Fv:
 477 0758 55       		pushl %ebp
 478 0759 89E5     		movl %esp,%ebp
 479 075b 8B0D0000 		movl _performance,%ecx
 479      0000
 480 0761 83EC08   		subl $8,%esp
 481 0764 85C9     		testl %ecx,%ecx
 482 0766 743A     		je L81
 483 0768 833D1800 		cmpl $0,_dxmcierror
 483      000000
 484 076f 7531     		jne L81
 485 0771 8B01     		movl (%ecx),%eax
 486 0773 83C4F8   		addl $-8,%esp
 487 0776 6A00     		pushl $0
 488 0778 6A00     		pushl $0
 489 077a 6A00     		pushl $0
 490 077c 6A00     		pushl $0
 491 077e 8B150400 		movl _segment,%edx
 491      0000
 492 0784 52       		pushl %edx
 493 0785 51       		pushl %ecx
 494 0786 8B4010   		movl 16(%eax),%eax
 495 0789 FFD0     		call *%eax
 496 078b 85C0     		testl %eax,%eax
 497 078d 7C09     		jl L79
 498 078f B8010000 		movl $1,%eax
 498      00
 499 0794 EB0E     		jmp L80
 500 0796 89F6     		.align 4
 501              	L79:
 502 0798 C7051800 		movl $LC12,_dxmcierror
 502      00003C07 
 502      0000
 503              	L81:
 504 07a2 31C0     		xorl %eax,%eax
 505              	L80:
 506 07a4 89EC     		movl %ebp,%esp
 507 07a6 5D       		popl %ebp
 508 07a7 C3       		ret
 509              	LC13:
 510 07a8 64786D63 		.ascii "dxmci: StopSegment failed\0"
 510      693A2053 
 510      746F7053 
 510      65676D65 
 510      6E742066 
 511 07c2 89F6     		.align 4
 512              	.globl _StopSegment__Fv
 513              		.def	_StopSegment__Fv;	.scl	2;	.type	32;	.endef
 514              	_StopSegment__Fv:
 515 07c4 55       		pushl %ebp
 516 07c5 89E5     		movl %esp,%ebp
 517 07c7 8B150000 		movl _performance,%edx
GAS LISTING dxmci.s 			page 14


 517      0000
 518 07cd 83EC08   		subl $8,%esp
 519 07d0 85D2     		testl %edx,%edx
 520 07d2 743A     		je L87
 521 07d4 8B0D0400 		movl _segment,%ecx
 521      0000
 522 07da 85C9     		testl %ecx,%ecx
 523 07dc 7430     		je L87
 524 07de 833D1800 		cmpl $0,_dxmcierror
 524      000000
 525 07e5 7527     		jne L87
 526 07e7 8B02     		movl (%edx),%eax
 527 07e9 83C4F4   		addl $-12,%esp
 528 07ec 6A00     		pushl $0
 529 07ee 6A00     		pushl $0
 530 07f0 6A00     		pushl $0
 531 07f2 51       		pushl %ecx
 532 07f3 52       		pushl %edx
 533 07f4 8B4014   		movl 20(%eax),%eax
 534 07f7 FFD0     		call *%eax
 535 07f9 85C0     		testl %eax,%eax
 536 07fb 7C07     		jl L85
 537 07fd B8010000 		movl $1,%eax
 537      00
 538 0802 EB0C     		jmp L86
 539              		.align 4
 540              	L85:
 541 0804 C7051800 		movl $LC13,_dxmcierror
 541      0000A807 
 541      0000
 542              	L87:
 543 080e 31C0     		xorl %eax,%eax
 544              	L86:
 545 0810 89EC     		movl %ebp,%esp
 546 0812 5D       		popl %ebp
 547 0813 C3       		ret
 548              		.align 4
 549              	.globl _IsSegmentPlaying__Fv
 550              		.def	_IsSegmentPlaying__Fv;	.scl	2;	.type	32;	.endef
 551              	_IsSegmentPlaying__Fv:
 552 0814 55       		pushl %ebp
 553 0815 89E5     		movl %esp,%ebp
 554 0817 8B150000 		movl _performance,%edx
 554      0000
 555 081d 83EC08   		subl $8,%esp
 556 0820 85D2     		testl %edx,%edx
 557 0822 7413     		je L90
 558 0824 8B0D0400 		movl _segment,%ecx
 558      0000
 559 082a 85C9     		testl %ecx,%ecx
 560 082c 7409     		je L90
 561 082e 833D1800 		cmpl $0,_dxmcierror
 561      000000
 562 0835 7405     		je L89
 563              	L90:
 564 0837 B000     		movb $0,%al
 565 0839 EB14     		jmp L91
GAS LISTING dxmci.s 			page 15


 566 083b 90       		.align 4
 567              	L89:
 568 083c 8B02     		movl (%edx),%eax
 569 083e 83C4FC   		addl $-4,%esp
 570 0841 6A00     		pushl $0
 571 0843 51       		pushl %ecx
 572 0844 52       		pushl %edx
 573 0845 8B4038   		movl 56(%eax),%eax
 574 0848 FFD0     		call *%eax
 575 084a 85C0     		testl %eax,%eax
 576 084c 0F94C0   		sete %al
 577              	L91:
 578 084f 89EC     		movl %ebp,%esp
 579 0851 5D       		popl %ebp
 580 0852 C3       		ret
 581 0853 90       		.align 4
 582              	.globl _DllMain@12
 583              		.def	_DllMain@12;	.scl	2;	.type	32;	.endef
 584              	_DllMain@12:
 585 0854 55       		pushl %ebp
 586 0855 89E5     		movl %esp,%ebp
 587 0857 83EC08   		subl $8,%esp
 588 085a 837D0C00 		cmpl $0,12(%ebp)
 589 085e 750E     		jne L93
 590 0860 833D1400 		cmpl $0,_COMInitialized
 590      000000
 591 0867 7405     		je L93
 592 0869 E8BAFBFF 		call _ShutdownDirectMusic__Fv
 592      FF
 593              	L93:
 594 086e 89EC     		movl %ebp,%esp
 595 0870 B8010000 		movl $1,%eax
 595      00
 596 0875 5D       		popl %ebp
 597 0876 C20C00   		ret $12
 598 0879 8D7600   		.align 4
 599              	.globl _dxMidiGetVolume
 600              		.def	_dxMidiGetVolume;	.scl	2;	.type	32;	.endef
 601              	_dxMidiGetVolume:
 602 087c 55       		pushl %ebp
 603 087d 89E5     		movl %esp,%ebp
 604 087f 83EC18   		subl $24,%esp
 605              	/APP
 606 0882 8965FC   		movl %esp,-4(%ebp)
 607 0885 83E4FC   		andl $-4,%esp
 608              	/NO_APP
 609 0888 833D1800 		cmpl $0,_dxmcierror
 609      000000
 610 088f 752A     		jne L106
 611 0891 833D0000 		cmpl $0,_performance
 611      000000
 612 0898 7505     		jne L102
 613 089a E8E9F8FF 		call _InitDirectMusic__Fv
 613      FF
 614              	L102:
 615 089f F6054400 		testb $4,_portcaps+4
 615      000004
GAS LISTING dxmci.s 			page 16


 616 08a6 7510     		jne L103
 617 08a8 8B450C   		movl 12(%ebp),%eax
 618 08ab 83C4F8   		addl $-8,%esp
 619 08ae 50       		pushl %eax
 620 08af 8B4508   		movl 8(%ebp),%eax
 621 08b2 50       		pushl %eax
 622 08b3 E8000000 		call _midiOutGetVolume@8
 622      00
 623              	L103:
 624              	/APP
 625 08b8 8B65FC   		movl -4(%ebp),%esp
 626              	/NO_APP
 627              	L106:
 628 08bb 31C0     		xorl %eax,%eax
 629 08bd 89EC     		movl %ebp,%esp
 630 08bf 5D       		popl %ebp
 631 08c0 C3       		ret
 632 08c1 8D7600   		.align 4
 633              	.globl _dxMidiSetVolume
 634              		.def	_dxMidiSetVolume;	.scl	2;	.type	32;	.endef
 635              	_dxMidiSetVolume:
 636 08c4 55       		pushl %ebp
 637 08c5 89E5     		movl %esp,%ebp
 638 08c7 83EC18   		subl $24,%esp
 639              	/APP
 640 08ca 8965FC   		movl %esp,-4(%ebp)
 641 08cd 83E4FC   		andl $-4,%esp
 642              	/NO_APP
 643 08d0 833D1800 		cmpl $0,_dxmcierror
 643      000000
 644 08d7 756A     		jne L114
 645 08d9 833D0000 		cmpl $0,_performance
 645      000000
 646 08e0 7505     		jne L109
 647 08e2 E8A1F8FF 		call _InitDirectMusic__Fv
 647      FF
 648              	L109:
 649 08e7 F6054400 		testb $4,_portcaps+4
 649      000004
 650 08ee 7440     		je L110
 651 08f0 31D2     		xorl %edx,%edx
 652 08f2 668B550E 		movw 14(%ebp),%dx
 653 08f6 89D0     		movl %edx,%eax
 654 08f8 C1E005   		sall $5,%eax
 655 08fb 29D0     		subl %edx,%eax
 656 08fd 8D0482   		leal (%edx,%eax,4),%eax
 657 0900 8D0480   		leal (%eax,%eax,4),%eax
 658 0903 C1E003   		sall $3,%eax
 659 0906 C1E810   		shrl $16,%eax
 660 0909 0578ECFF 		addl $-5000,%eax
 660      FF
 661 090e 89450C   		movl %eax,12(%ebp)
 662 0911 8B150000 		movl _performance,%edx
 662      0000
 663 0917 8D450C   		leal 12(%ebp),%eax
 664 091a 8B0A     		movl (%edx),%ecx
 665 091c 6A04     		pushl $4
GAS LISTING dxmci.s 			page 17


 666 091e 50       		pushl %eax
 667 091f 68000000 		pushl $_GUID_PerfMasterVolume
 667      00
 668 0924 52       		pushl %edx
 669 0925 8B818800 		movl 136(%ecx),%eax
 669      0000
 670 092b FFD0     		call *%eax
 671 092d EB11     		jmp L111
 672 092f 90       		.align 4
 673              	L110:
 674 0930 8B450C   		movl 12(%ebp),%eax
 675 0933 83C4F8   		addl $-8,%esp
 676 0936 50       		pushl %eax
 677 0937 8B4508   		movl 8(%ebp),%eax
 678 093a 50       		pushl %eax
 679 093b E8000000 		call _midiOutSetVolume@8
 679      00
 680              	L111:
 681              	/APP
 682 0940 8B65FC   		movl -4(%ebp),%esp
 683              	/NO_APP
 684              	L114:
 685 0943 31C0     		xorl %eax,%eax
 686 0945 89EC     		movl %ebp,%esp
 687 0947 5D       		popl %ebp
 688 0948 C3       		ret
 689              	.globl _status
 690              	LC14:
 691 0949 7365656B 		.ascii "seeking\0"
 691      696E6700 
 692              	LC15:
 693 0951 706C6179 		.ascii "playing\0"
 693      696E6700 
 694              	LC16:
 695 0959 73746F70 		.ascii "stopped\0"
 695      70656400 
 696              	.data
 697              		.align 4
 698              	_status:
 699 001c 49090000 		.long LC14
 700 0020 51090000 		.long LC15
 701 0024 59090000 		.long LC16
 702              	.globl _seeking
 703              	_seeking:
 704 0028 00       		.byte 0
 705 0029 00000000 	.text
 705      000000
 706 0961 8D7600   		.align 4
 707              	.globl _dxMidiSendString
 708              		.def	_dxMidiSendString;	.scl	2;	.type	32;	.endef
 709              	_dxMidiSendString:
 710 0964 55       		pushl %ebp
 711 0965 89E5     		movl %esp,%ebp
 712 0967 81EC3C02 		subl $572,%esp
 712      0000
 713 096d 57       		pushl %edi
 714 096e 56       		pushl %esi
GAS LISTING dxmci.s 			page 18


 715 096f 53       		pushl %ebx
 716 0970 8B7508   		movl 8(%ebp),%esi
 717 0973 833D1800 		cmpl $0,_dxmcierror
 717      000000
 718 097a 0F853B01 		jne L138
 718      0000
 719              	/APP
 720 0980 89A5DCFD 		movl %esp,-548(%ebp)
 720      FFFF
 721 0986 83E4FC   		andl $-4,%esp
 722              	/NO_APP
 723 0989 8A1E     		movb (%esi),%bl
 724 098b 833D0000 		cmpl $0,_performance
 724      000000
 725 0992 7516     		jne L117
 726 0994 80FB63   		cmpb $99,%bl
 727 0997 7507     		jne L118
 728 0999 B369     		movb $105,%bl
 729 099b EB0D     		jmp L117
 730 099d 8D7600   		.align 4
 731              	L118:
 732 09a0 80FB73   		cmpb $115,%bl
 733 09a3 7405     		je L117
 734 09a5 E8DEF7FF 		call _InitDirectMusic__Fv
 734      FF
 735              	L117:
 736 09aa 80FB6F   		cmpb $111,%bl
 737 09ad 7421     		je L122
 738 09af 7F0F     		jg L135
 739 09b1 80FB63   		cmpb $99,%bl
 740 09b4 0F84F600 		je L132
 740      0000
 741 09ba E9F60000 		jmp L121
 741      00
 742 09bf 90       		.align 4
 743              	L135:
 744 09c0 80FB70   		cmpb $112,%bl
 745 09c3 746F     		je L123
 746 09c5 80FB73   		cmpb $115,%bl
 747 09c8 747A     		je L124
 748 09ca E9E60000 		jmp L121
 748      00
 749 09cf 90       		.align 4
 750              	L122:
 751 09d0 83C4FC   		addl $-4,%esp
 752 09d3 8D4605   		leal 5(%esi),%eax
 753 09d6 68040100 		pushl $260
 753      00
 754 09db 8DB5F0FE 		leal -272(%ebp),%esi
 754      FFFF
 755 09e1 50       		pushl %eax
 756 09e2 8D9DE0FD 		leal -544(%ebp),%ebx
 756      FFFF
 757 09e8 56       		pushl %esi
 758 09e9 E8000000 		call _strncpy
 758      00
 759 09ee 83C4F8   		addl $-8,%esp
GAS LISTING dxmci.s 			page 19


 760 09f1 6A5C     		pushl $92
 761 09f3 56       		pushl %esi
 762 09f4 E8000000 		call _strrchr
 762      00
 763 09f9 83C420   		addl $32,%esp
 764 09fc 89C7     		movl %eax,%edi
 765 09fe 83C4FC   		addl $-4,%esp
 766 0a01 8D4701   		leal 1(%edi),%eax
 767 0a04 68040100 		pushl $260
 767      00
 768 0a09 50       		pushl %eax
 769 0a0a 53       		pushl %ebx
 770 0a0b E8000000 		call _strncpy
 770      00
 771 0a10 83C4F8   		addl $-8,%esp
 772 0a13 6A20     		pushl $32
 773 0a15 53       		pushl %ebx
 774 0a16 E8000000 		call _strchr
 774      00
 775 0a1b C60000   		movb $0,(%eax)
 776 0a1e 83C420   		addl $32,%esp
 777 0a21 C6470100 		movb $0,1(%edi)
 778 0a25 83C4F8   		addl $-8,%esp
 779 0a28 53       		pushl %ebx
 780 0a29 56       		pushl %esi
 781 0a2a E861FBFF 		call _LoadMIDI__FPcT0
 781      FF
 782 0a2f E9810000 		jmp L121
 782      00
 783              		.align 4
 784              	L123:
 785 0a34 E81FFDFF 		call _PlaySegment__Fv
 785      FF
 786 0a39 C6052800 		movb $1,_seeking
 786      000001
 787 0a40 EB73     		jmp L121
 788 0a42 89F6     		.align 4
 789              	L124:
 790 0a44 833D0400 		cmpl $0,_segment
 790      000000
 791 0a4b 7419     		je L125
 792 0a4d 803D2800 		cmpb $0,_seeking
 792      000000
 793 0a54 7410     		je L125
 794 0a56 E8B9FDFF 		call _IsSegmentPlaying__Fv
 794      FF
 795 0a5b 84C0     		testb %al,%al
 796 0a5d 7407     		je L125
 797 0a5f C6052800 		movb $0,_seeking
 797      000000
 798              	L125:
 799 0a66 83C4F8   		addl $-8,%esp
 800 0a69 833D0400 		cmpl $0,_segment
 800      000000
 801 0a70 7426     		je L126
 802 0a72 803D2800 		cmpb $0,_seeking
 802      000000
GAS LISTING dxmci.s 			page 20


 803 0a79 7405     		je L128
 804 0a7b 31D2     		xorl %edx,%edx
 805 0a7d EB1E     		jmp L127
 806 0a7f 90       		.align 4
 807              	L128:
 808 0a80 E88FFDFF 		call _IsSegmentPlaying__Fv
 808      FF
 809 0a85 BA080000 		movl $8,%edx
 809      00
 810 0a8a 84C0     		testb %al,%al
 811 0a8c 740F     		je L127
 812 0a8e BA040000 		movl $4,%edx
 812      00
 813 0a93 EB08     		jmp L127
 814 0a95 8D7600   		.align 4
 815              	L126:
 816 0a98 BA080000 		movl $8,%edx
 816      00
 817              	L127:
 818 0a9d 8B821C00 		movl _status(%edx),%eax
 818      0000
 819 0aa3 50       		pushl %eax
 820 0aa4 8B450C   		movl 12(%ebp),%eax
 821 0aa7 50       		pushl %eax
 822 0aa8 E8000000 		call _strcpy
 822      00
 823 0aad EB06     		jmp L121
 824 0aaf 90       		.align 4
 825              	L132:
 826 0ab0 E80FFDFF 		call _StopSegment__Fv
 826      FF
 827              	L121:
 828              	/APP
 829 0ab5 8BA5DCFD 		movl -548(%ebp),%esp
 829      FFFF
 830              	/NO_APP
 831              	L138:
 832 0abb 31C0     		xorl %eax,%eax
 833 0abd 8DA5B8FD 		leal -584(%ebp),%esp
 833      FFFF
 834 0ac3 5B       		popl %ebx
 835 0ac4 5E       		popl %esi
 836 0ac5 5F       		popl %edi
 837 0ac6 89EC     		movl %ebp,%esp
 838 0ac8 5D       		popl %ebp
 839 0ac9 C3       		ret
 840 0aca 89F6     		.align 4
 841              	.globl _dxGetdxmcierrPtr
 842              		.def	_dxGetdxmcierrPtr;	.scl	2;	.type	32;	.endef
 843              	_dxGetdxmcierrPtr:
 844 0acc 55       		pushl %ebp
 845 0acd B8180000 		movl $_dxmcierror,%eax
 845      00
 846 0ad2 89E5     		movl %esp,%ebp
 847 0ad4 89EC     		movl %ebp,%esp
 848 0ad6 5D       		popl %ebp
 849 0ad7 C3       		ret
GAS LISTING dxmci.s 			page 21


 850              	.globl _portparams
 851 0ad8 90909090 	.bss
 851      90909090 
 852              		.align 32
 853              	_portparams:
 854 0000 00000000 		.space 36
 854      00000000 
 854      00000000 
 854      00000000 
 854      00000000 
 855              	.globl _portcaps
 856 0024 00000000 		.align 32
 856      00000000 
 856      00000000 
 856      00000000 
 856      00000000 
 857              	_portcaps:
 858 0040 00000000 		.space 308
 858      00000000 
 858      00000000 
 858      00000000 
 858      00000000 
 859              		.def	_strcpy;	.scl	3;	.type	32;	.endef
 860              		.def	_strchr;	.scl	3;	.type	32;	.endef
 861              		.def	_strrchr;	.scl	3;	.type	32;	.endef
 862              		.def	_strncpy;	.scl	3;	.type	32;	.endef
 863              		.def	_wcscpy;	.scl	3;	.type	32;	.endef
 864              		.def	_memset;	.scl	3;	.type	32;	.endef
 865 0174 00000000 		.section .drectve
 865      00000000 
 865      00000000 
 866              	
 867 0000 202D6578 		.ascii " -export:dxGetdxmcierrPtr"
 867      706F7274 
 867      3A647847 
 867      65746478 
 867      6D636965 
 868 0019 202D6578 		.ascii " -export:dxMidiSendString"
 868      706F7274 
 868      3A64784D 
 868      69646953 
 868      656E6453 
 869 0032 202D6578 		.ascii " -export:dxMidiSetVolume"
 869      706F7274 
 869      3A64784D 
 869      69646953 
 869      6574566F 
 870 004a 202D6578 		.ascii " -export:dxMidiGetVolume"
 870      706F7274 
 870      3A64784D 
 870      69646947 
 870      6574566F 
 871 0062 202D6578 		.ascii " -export:DllMain@12"
 871      706F7274 
 871      3A446C6C 
 871      4D61696E 
 871      40313200 
GAS LISTING dxmci.s 			page 22


GAS LISTING dxmci.s 			page 23


DEFINED SYMBOLS
                            *ABS*:00000000 dxmci.cpp
             dxmci.s:2      .text:00000000 gcc2_compiled.
             dxmci.s:3      .text:00000000 ___gnu_compiled_cplusplus
             dxmci.s:7      .data:00000000 _performance
             dxmci.s:11     .data:00000004 _segment
             dxmci.s:15     .data:00000008 _loader
             dxmci.s:19     .data:0000000c _dmusic
             dxmci.s:23     .data:00000010 _port
             dxmci.s:27     .data:00000014 _COMInitialized
             dxmci.s:31     .data:00000018 _dxmcierror
             dxmci.s:59     .text:00000188 _InitDirectMusic__Fv
             dxmci.s:857    .bss:00000040 _portcaps
             dxmci.s:853    .bss:00000000 _portparams
             dxmci.s:264    .text:000003fc _ReleaseSegment__Fv
             dxmci.s:284    .text:00000428 _ShutdownDirectMusic__Fv
             dxmci.s:338    .text:00000590 _LoadMIDI__FPcT0
             dxmci.s:476    .text:00000758 _PlaySegment__Fv
             dxmci.s:514    .text:000007c4 _StopSegment__Fv
             dxmci.s:551    .text:00000814 _IsSegmentPlaying__Fv
             dxmci.s:584    .text:00000854 _DllMain@12
             dxmci.s:601    .text:0000087c _dxMidiGetVolume
             dxmci.s:635    .text:000008c4 _dxMidiSetVolume
             dxmci.s:698    .data:0000001c _status
             dxmci.s:703    .data:00000028 _seeking
             dxmci.s:709    .text:00000964 _dxMidiSendString
             dxmci.s:843    .text:00000acc _dxGetdxmcierrPtr

UNDEFINED SYMBOLS
_CoInitialize@4
_IID_IDirectMusicPerformance
_CLSID_DirectMusicPerformance
_CoCreateInstance@20
_IID_IDirectMusicLoader
_CLSID_DirectMusicLoader
_CoUninitialize@0
_MultiByteToWideChar@24
_GUID_DirectMusicAllTypes
_CLSID_DirectMusicSegment
_IID_IDirectMusicSegment
_GUID_StandardMIDIFile
_GUID_Download
_midiOutGetVolume@8
_GUID_PerfMasterVolume
_midiOutSetVolume@8
_strcpy
_strchr
_strrchr
_strncpy
_wcscpy
_memset
